<?xml version="1.0" encoding="UTF-8"?>
<!-- Generated by org.testng.reporters.JUnitXMLReporter -->
<testsuite hostname="user-PC" ignored="0" name="Test" tests="1" failures="1" timestamp="03 Jun 2018 06:37:34 GMT" time="41.6" errors="0">
  <testcase name="testFaceBookHkome" time="30.803" classname="testScript.Test1">
    <failure type="java.lang.AssertionError" message="null">
      <![CDATA[java.lang.AssertionError: null
	at testScript.Test1.testFaceBookHkome(Test1.java:35)
... Removed 27 stack frames]]>
    </failure>
  </testcase> <!-- testFaceBookHkome -->
</testsuite> <!-- Test -->
