-------------------------------------------------------------------------------
Test set: TestSuite
-------------------------------------------------------------------------------
Tests run: 1, Failures: 1, Errors: 0, Skipped: 0, Time elapsed: 62.621 s <<< FAILURE! - in TestSuite
testFaceBookHkome(testScript.Test1)  Time elapsed: 45.39 s  <<< FAILURE!
java.lang.AssertionError: null
	at testScript.Test1.testFaceBookHkome(Test1.java:35)

